<?xml version="1.0" encoding="UTF-8"?>
<robot generator="Robot 3.2.1 (Python 3.6.9 on linux)" generated="20200518 10:04:05.746" rpa="false">
<suite id="s1" name="wikiTest" source="/home/maksim/Desktop/Projects/robot-testing/wikiTest.robot">
<test id="s1-t1" name="Проверить доступность Wiki">
<kw name="Create Session" library="RequestsLibrary">
<doc>Create Session: create a HTTP session to a server</doc>
<arguments>
<arg>github</arg>
<arg>http://api.github.com</arg>
<arg>disable_warnings=1</arg>
</arguments>
<msg timestamp="20200518 10:04:05.900" level="INFO">Creating Session using : alias=github, url=http://api.github.com, headers={},                     cookies={}, auth=None, timeout=None, proxies=None, verify=False,                     debug=0 </msg>
<status status="PASS" starttime="20200518 10:04:05.898" endtime="20200518 10:04:05.900"></status>
</kw>
<kw name="Create Session" library="RequestsLibrary">
<doc>Create Session: create a HTTP session to a server</doc>
<arguments>
<arg>google</arg>
<arg>http://www.google.com</arg>
</arguments>
<msg timestamp="20200518 10:04:05.901" level="INFO">Creating Session using : alias=google, url=http://www.google.com, headers={},                     cookies={}, auth=None, timeout=None, proxies=None, verify=False,                     debug=0 </msg>
<status status="PASS" starttime="20200518 10:04:05.901" endtime="20200518 10:04:05.902"></status>
</kw>
<kw name="Get Request" library="RequestsLibrary">
<doc>Send a GET request on the session object found using the
given `alias`</doc>
<arguments>
<arg>google</arg>
<arg>/</arg>
</arguments>
<assign>
<var>${resp}</var>
</assign>
<msg timestamp="20200518 10:04:06.109" level="INFO">GET Request : url=http://www.google.com/ 
 path_url=/ 
 headers={'User-Agent': 'python-requests/2.21.0', 'Accept-Encoding': 'gzip, deflate', 'Accept': '*/*', 'Connection': 'keep-alive'} 
 body=None 
 </msg>
<msg timestamp="20200518 10:04:06.109" level="INFO">GET Response : url=http://www.google.com/ 
 status=200, reason=OK 
 body=&lt;!doctype html&gt;&lt;html itemscope="" itemtype="http://schema.org/WebPage" lang="ru"&gt;&lt;head&gt;&lt;meta content="&amp;#1055;&amp;#1086;&amp;#1080;&amp;#1089;&amp;#1082; &amp;#1080;&amp;#1085;&amp;#1092;&amp;#1086;&amp;#1088;&amp;#1084;&amp;#1072;&amp;#1094;&amp;#1080;&amp;#1080; &amp;#1074; &amp;#1080;&amp;#1085;&amp;#1090;&amp;#1077;&amp;#1088;&amp;#1085;&amp;#1077;&amp;#1090;&amp;#1077;: &amp;#1074;&amp;#1077;&amp;#1073; &amp;#1089;&amp;#1090;&amp;#1088;&amp;#1072;&amp;#1085;&amp;#1080;&amp;#1094;&amp;#1099;, &amp;#1082;&amp;#1072;&amp;#1088;&amp;#1090;&amp;#1080;&amp;#1085;&amp;#1082;&amp;#1080;, &amp;#1074;&amp;#1080;&amp;#1076;&amp;#1077;&amp;#1086; &amp;#1080; &amp;#1084;&amp;#1085;&amp;#1086;&amp;#1075;&amp;#1086;&amp;#1077; &amp;#1076;&amp;#1088;&amp;#1091;&amp;#1075;&amp;#1086;&amp;#1077;." name="description"&gt;&lt;meta content="noodp" name="robots"&gt;&lt;meta content="text/html; charset=UTF-8" http-equiv="Content-Type"&gt;&lt;meta content="/images/branding/googleg/1x/googleg_standard_color_128dp.png" itemprop="image"&gt;&lt;title&gt;Google&lt;/title&gt;&lt;script nonce="u+K7Dfb+HrDWW6xriQN0sQ=="&gt;(function(){window.google={kEI:'VyXCXq_TJp6fjLsP9dedyAQ',kEXPI:'0,202123,3,4,1151616,5663,730,224,5104,207,3204,10,1051,175,364,1499,576,241,383,246,5,1014,340,196,485,357,656,1218,406,576,255,416874,706743,1197773,118,258,78,329040,1294,12383,4855,32692,15247,867,17444,11240,9188,8384,4859,1361,9291,3023,4744,6,11027,1808,4998,7931,5297,2054,920,873,1217,2975,6431,11307,3220,235,4281,2778,519,400,2277,8,85,1131,1580,1593,423,744,112,2212,241,289,149,1103,840,124,393,1142,278,103,4257,108,204,1137,2,2669,1839,184,544,1753,1946,2230,93,328,1284,16,2927,2246,474,1339,748,1039,3227,773,2072,7,4774,1294,8078,2663,641,602,1847,2459,1226,5397,1274,108,1456,1951,908,2,941,552,294,126,122,1520,2132,261,4,12,1374,1510,2523,226,657,338,828,842,1337,1098,3,576,970,865,4,368,3546,356,351,148,189,3312,743,1746,28,1357,866,1992,607,1499,884,109,643,4,443,893,192,17,616,2,3,1,3,2,297,68,1295,1236,271,224,374,276,395,2,9,11,30,1421,6,391,437,212,1635,142,841,1219,653,382,131,206,48,1457,173,43,73,753,370,103,213,4,495,640,695,1489,157,757,122,918,263,11,105,163,242,259,101,136,80,394,32,110,438,354,469,67,662,538,1256,8,31,310,467,3,165,3,90,764,210,15,686,51,20,5812954,3310,1802584,6994699,1323,549,333,444,1,2,80,1,900,897,2,6,1,2,2551,1,748,141,59,736,563,1,4265,1,1,1,1,137,1,1193,1401,3,330,484,5,11,9,14,13,11,1,10,11,26,3,19,3389926,20572126,2682733',kBL:'3Hd1'};google.sn='webhp';google.kHL='ru';})();(function(){google.lc=[];google.li=0;google.getEI=function(a){for(var c;a&amp;&amp;(!a.getAttribute||!(c=a.getAttribute("eid")));)a=a.parentNode;return c||google.kEI};google.getLEI=function(a){for(var c=null;a&amp;&amp;(!a.getAttribute||!(c=a.getAttribute("leid")));)a=a.parentNode;return c};google.ml=function(){return null};google.time=function(){return Date.now()};google.log=function(a,c,b,d,g){if(b=google.logUrl(a,c,b,d,g)){a=new Image;var e=google.lc,f=google.li;e[f]=a;a.onerror=a.onload=a.onabort=function(){delete e[f]};google.vel&amp;&amp;google.vel.lu&amp;&amp;google.vel.lu(b);a.src=b;google.li=f+1}};google.logUrl=function(a,c,b,d,g){var e="",f=google.ls||"";b||-1!=c.search("&amp;ei=")||(e="&amp;ei="+google.getEI(d),-1==c.search("&amp;lei=")&amp;&amp;(d=google.getLEI(d))&amp;&amp;(e+="&amp;lei="+d));d="";!b&amp;&amp;google.cshid&amp;&amp;-1==c.search("&amp;cshid=")&amp;&amp;"slh"!=a&amp;&amp;(d="&amp;cshid="+google.cshid);b=b||"/"+(g||"gen_204")+"?atyp=i&amp;ct="+a+"&amp;cad="+c+e+f+"&amp;zx="+google.time()+d;/^http:/i.test(b)&amp;&amp;"https:"==window.location.protocol&amp;&amp;(google.ml(Error("a"),!1,{src:b,glmm:1}),b="");return b};}).call(this);(function(){google.y={};google.x=function(a,b){if(a)var c=a.id;else{do c=Math.random();while(google.y[c])}google.y[c]=[a,b];return!1};google.lm=[];google.plm=function(a){google.lm.push.apply(google.lm,a)};google.lq=[];google.load=function(a,b,c){google.lq.push([[a],b,c])};google.loadAll=function(a,b){google.lq.push([a,b])};}).call(this);google.f={};(function(){
document.documentElement.addEventListener("submit",function(b){var a;if(a=b.target){var c=a.getAttribute("data-submitfalse");a="1"==c||"q"==c&amp;&amp;!a.elements.q.value?!0:!1}else a=!1;a&amp;&amp;(b.preventDefault(),b.stopPropagation())},!0);document.documentElement.addEventListener("click",function(b){var a;a:{for(a=b.target;a&amp;&amp;a!=document.documentElement;a=a.parentElement)if("A"==a.tagName){a="1"==a.getAttribute("data-nohref");break a}a=!1}a&amp;&amp;b.preventDefault()},!0);}).call(this);
var a=window.location,b=a.href.indexOf("#");if(0&lt;=b){var c=a.href.substring(b+1);/(^|&amp;)q=/.test(c)&amp;&amp;-1==c.indexOf("#")&amp;&amp;a.replace("/search?"+c.replace(/(^|&amp;)fp=[^&amp;]*/g,"")+"&amp;cad=h")};&lt;/script&gt;&lt;style&gt;#gbar,#guser{font-size:13px;padding-top:1px !important;}#gbar{height:22px}#guser{padding-bottom:7px !important;text-align:right}.gbh,.gbd{border-top:1px solid #c9d7f1;font-size:1px}.gbh{height:0;position:absolute;top:24px;width:100%}@media all{.gb1{height:22px;margin-right:.5em;vertical-align:top}#gbar{float:left}}a.gb1,a.gb4{text-decoration:underline !important}a.gb1,a.gb4{color:#00c !important}.gbi .gb4{color:#dd8e27 !important}.gbf .gb4{color:#900 !important}
&lt;/style&gt;&lt;style&gt;body,td,a,p,.h{font-family:arial,sans-serif}body{margin:0;overflow-y:scroll}#gog{padding:3px 8px 0}td{line-height:.8em}.gac_m td{line-height:17px}form{margin-bottom:20px}.h{color:#36c}.q{color:#00c}.ts td{padding:0}.ts{border-collapse:collapse}em{font-weight:bold;font-style:normal}.lst{height:25px;width:496px}.gsfi,.lst{font:18px arial,sans-serif}.gsfs{font:17px arial,sans-serif}.ds{display:inline-box;display:inline-block;margin:3px 0 4px;margin-left:4px}input{font-family:inherit}body{background:#fff;color:#000}a{color:#11c;text-decoration:none}a:hover,a:active{text-decoration:underline}.fl a{color:#36c}a:visited{color:#551a8b}.sblc{padding-top:5px}.sblc a{display:block;margin:2px 0;margin-left:13px;font-size:11px}.lsbb{background:#eee;border:solid 1px;border-color:#ccc #999 #999 #ccc;height:30px}.lsbb{display:block}.ftl,#fll a{display:inline-block;margin:0 12px}.lsb{background:url(/images/nav_logo229.png) 0 -261px repeat-x;border:none;color:#000;cursor:pointer;height:30px;margin:0;outline:0;font:15px arial,sans-serif;vertical-align:top}.lsb:active{background:#ccc}.lst:focus{outline:none}.tiah{width:458px}&lt;/style&gt;&lt;script nonce="u+K7Dfb+HrDWW6xriQN0sQ=="&gt;&lt;/script&gt;&lt;/head&gt;&lt;body bgcolor="#fff"&gt;&lt;script nonce="u+K7Dfb+HrDWW6xriQN0sQ=="&gt;(function(){var src='/images/nav_logo229.png';var iesg=false;document.body.onload = function(){window.n &amp;&amp; window.n();if (document.images){new Image().src=src;}
if (!iesg){document.f&amp;&amp;document.f.q.focus();document.gbqf&amp;&amp;document.gbqf.q.focus();}
}
})();&lt;/script&gt;&lt;div id="mngb"&gt; &lt;div id=gbar&gt;&lt;nobr&gt;&lt;b class=gb1&gt;&amp;#1055;&amp;#1086;&amp;#1080;&amp;#1089;&amp;#1082;&lt;/b&gt; &lt;a class=gb1 href="http://www.google.ru/imghp?hl=ru&amp;tab=wi"&gt;&amp;#1050;&amp;#1072;&amp;#1088;&amp;#1090;&amp;#1080;&amp;#1085;&amp;#1082;&amp;#1080;&lt;/a&gt; &lt;a class=gb1 href="http://maps.google.ru/maps?hl=ru&amp;tab=wl"&gt;&amp;#1050;&amp;#1072;&amp;#1088;&amp;#1090;&amp;#1099;&lt;/a&gt; &lt;a class=gb1 href="https://play.google.com/?hl=ru&amp;tab=w8"&gt;Play&lt;/a&gt; &lt;a class=gb1 href="http://www.youtube.com/?gl=RU&amp;tab=w1"&gt;YouTube&lt;/a&gt; &lt;a class=gb1 href="http://news.google.ru/nwshp?hl=ru&amp;tab=wn"&gt;&amp;#1053;&amp;#1086;&amp;#1074;&amp;#1086;&amp;#1089;&amp;#1090;&amp;#1080;&lt;/a&gt; &lt;a class=gb1 href="https://mail.google.com/mail/?tab=wm"&gt;&amp;#1055;&amp;#1086;&amp;#1095;&amp;#1090;&amp;#1072;&lt;/a&gt; &lt;a class=gb1 href="https://drive.google.com/?tab=wo"&gt;&amp;#1044;&amp;#1080;&amp;#1089;&amp;#1082;&lt;/a&gt; &lt;a class=gb1 style="text-decoration:none" href="https://www.google.ru/intl/ru/about/products?tab=wh"&gt;&lt;u&gt;&amp;#1045;&amp;#1097;&amp;#1105;&lt;/u&gt; &amp;raquo;&lt;/a&gt;&lt;/nobr&gt;&lt;/div&gt;&lt;div id=guser width=100%&gt;&lt;nobr&gt;&lt;span id=gbn class=gbi&gt;&lt;/span&gt;&lt;span id=gbf class=gbf&gt;&lt;/span&gt;&lt;span id=gbe&gt;&lt;/span&gt;&lt;a href="http://www.google.ru/history/optout?hl=ru" class=gb4&gt;&amp;#1048;&amp;#1089;&amp;#1090;&amp;#1086;&amp;#1088;&amp;#1080;&amp;#1103; &amp;#1074;&amp;#1077;&amp;#1073;-&amp;#1087;&amp;#1086;&amp;#1080;&amp;#1089;&amp;#1082;&amp;#1072;&lt;/a&gt; | &lt;a  href="/preferences?hl=ru" class=gb4&gt;&amp;#1053;&amp;#1072;&amp;#1089;&amp;#1090;&amp;#1088;&amp;#1086;&amp;#1081;&amp;#1082;&amp;#1080;&lt;/a&gt; | &lt;a target=_top id=gb_70 href="https://accounts.google.com/ServiceLogin?hl=ru&amp;passive=true&amp;continue=http://www.google.com/" class=gb4&gt;&amp;#1042;&amp;#1086;&amp;#1081;&amp;#1090;&amp;#1080;&lt;/a&gt;&lt;/nobr&gt;&lt;/div&gt;&lt;div class=gbh style=left:0&gt;&lt;/div&gt;&lt;div class=gbh style=right:0&gt;&lt;/div&gt; &lt;/div&gt;&lt;center&gt;&lt;br clear="all" id="lgpd"&gt;&lt;div id="lga"&gt;&lt;img alt="Google" height="92" src="/images/branding/googlelogo/1x/googlelogo_white_background_color_272x92dp.png" style="padding:28px 0 14px" width="272" id="hplogo"&gt;&lt;br&gt;&lt;br&gt;&lt;/div&gt;&lt;form action="/search" name="f"&gt;&lt;table cellpadding="0" cellspacing="0"&gt;&lt;tr valign="top"&gt;&lt;td width="25%"&gt;&amp;nbsp;&lt;/td&gt;&lt;td align="center" nowrap=""&gt;&lt;input name="ie" value="ISO-8859-1" type="hidden"&gt;&lt;input value="ru" name="hl" type="hidden"&gt;&lt;input name="source" type="hidden" value="hp"&gt;&lt;input name="biw" type="hidden"&gt;&lt;input name="bih" type="hidden"&gt;&lt;div class="ds" style="height:32px;margin:4px 0"&gt;&lt;div style="position:relative;zoom:1"&gt;&lt;input class="lst tiah" style="margin:0;padding:5px 8px 0 6px;vertical-align:top;color:#000;padding-right:38px" autocomplete="off" value="" title="&amp;#1055;&amp;#1086;&amp;#1080;&amp;#1089;&amp;#1082; &amp;#1074; Google" maxlength="2048" name="q" size="57"&gt;&lt;img src="/textinputassistant/tia.png" style="position:absolute;cursor:pointer;right:5px;top:4px;z-index:300" data-script-url="/textinputassistant/11/ru_tia.js" id="tsuid1" alt="" height="23" width="27"&gt;&lt;script nonce="u+K7Dfb+HrDWW6xriQN0sQ=="&gt;(function(){var id='tsuid1';document.getElementById(id).onclick = function(){var s = document.createElement('script');s.src = this.getAttribute('data-script-url');(document.getElementById('xjsc')||document.body).appendChild(s);};})();&lt;/script&gt;&lt;/div&gt;&lt;/div&gt;&lt;br style="line-height:0"&gt;&lt;span class="ds"&gt;&lt;span class="lsbb"&gt;&lt;input class="lsb" value="&amp;#1055;&amp;#1086;&amp;#1080;&amp;#1089;&amp;#1082; &amp;#1074; Google" name="btnG" type="submit"&gt;&lt;/span&gt;&lt;/span&gt;&lt;span class="ds"&gt;&lt;span class="lsbb"&gt;&lt;input class="lsb" id="tsuid2" value="&amp;#1052;&amp;#1085;&amp;#1077; &amp;#1087;&amp;#1086;&amp;#1074;&amp;#1077;&amp;#1079;&amp;#1105;&amp;#1090;!" name="btnI" type="submit"&gt;&lt;script nonce="u+K7Dfb+HrDWW6xriQN0sQ=="&gt;(function(){var id='tsuid2';document.getElementById(id).onclick = function(){if (this.form.q.value){this.checked = 1;if (this.form.iflsig)this.form.iflsig.disabled = false;}
else top.location='/doodles/';};})();&lt;/script&gt;&lt;input value="AINFCbYAAAAAXsIzZ6r2po-jSiWLYxRkYbLzkeh6DZin" name="iflsig" type="hidden"&gt;&lt;/span&gt;&lt;/span&gt;&lt;/td&gt;&lt;td cla... (set the log level to DEBUG or TRACE to see the full content) 
 </msg>
<msg timestamp="20200518 10:04:06.110" level="INFO">${resp} = &lt;Response [200]&gt;</msg>
<status status="PASS" starttime="20200518 10:04:05.902" endtime="20200518 10:04:06.111"></status>
</kw>
<kw name="Status Should Be" library="RequestsLibrary">
<doc>Fails if response status code is different than the expected.</doc>
<arguments>
<arg>200</arg>
<arg>${resp}</arg>
</arguments>
<status status="PASS" starttime="20200518 10:04:06.111" endtime="20200518 10:04:06.112"></status>
</kw>
<kw name="Get Request" library="RequestsLibrary">
<doc>Send a GET request on the session object found using the
given `alias`</doc>
<arguments>
<arg>github</arg>
<arg>/users/raptor72</arg>
</arguments>
<assign>
<var>${resp}</var>
</assign>
<msg timestamp="20200518 10:04:06.836" level="INFO">GET Request : url=http://api.github.com/users/raptor72 (redirected) 
 path_url=/users/raptor72 
 headers={'User-Agent': 'python-requests/2.21.0', 'Accept-Encoding': 'gzip, deflate', 'Accept': '*/*', 'Connection': 'keep-alive'} 
 body=None 
 </msg>
<msg timestamp="20200518 10:04:06.836" level="INFO">GET Response : url=https://api.github.com/users/raptor72 
 status=200, reason=OK 
 body={"login":"raptor72","id":21172677,"node_id":"MDQ6VXNlcjIxMTcyNjc3","avatar_url":"https://avatars3.githubusercontent.com/u/21172677?v=4","gravatar_id":"","url":"https://api.github.com/users/raptor72","html_url":"https://github.com/raptor72","followers_url":"https://api.github.com/users/raptor72/followers","following_url":"https://api.github.com/users/raptor72/following{/other_user}","gists_url":"https://api.github.com/users/raptor72/gists{/gist_id}","starred_url":"https://api.github.com/users/raptor72/starred{/owner}{/repo}","subscriptions_url":"https://api.github.com/users/raptor72/subscriptions","organizations_url":"https://api.github.com/users/raptor72/orgs","repos_url":"https://api.github.com/users/raptor72/repos","events_url":"https://api.github.com/users/raptor72/events{/privacy}","received_events_url":"https://api.github.com/users/raptor72/received_events","type":"User","site_admin":false,"name":"Maksim Tarasov","company":null,"blog":"","location":null,"email":null,"hireable":null,"bio":null,"public_repos":14,"public_gists":0,"followers":1,"following":6,"created_at":"2016-08-22T11:08:08Z","updated_at":"2020-05-18T05:59:47Z"} 
 </msg>
<msg timestamp="20200518 10:04:06.836" level="INFO">${resp} = &lt;Response [200]&gt;</msg>
<status status="PASS" starttime="20200518 10:04:06.113" endtime="20200518 10:04:06.836"></status>
</kw>
<kw name="Request Should Be Successful" library="RequestsLibrary">
<doc>Fails if response status code is a client or server error (4xx, 5xx).</doc>
<arguments>
<arg>${resp}</arg>
</arguments>
<status status="PASS" starttime="20200518 10:04:06.837" endtime="20200518 10:04:06.838"></status>
</kw>
<kw name="Log" library="BuiltIn">
<doc>Logs the given message with the given level.</doc>
<arguments>
<arg>${resp}</arg>
</arguments>
<msg timestamp="20200518 10:04:06.839" level="INFO">&lt;Response [200]&gt;</msg>
<status status="PASS" starttime="20200518 10:04:06.839" endtime="20200518 10:04:06.839"></status>
</kw>
<kw name="Dictionary Should Contain Value" library="Collections">
<doc>Fails if ``value`` is not found from ``dictionary``.</doc>
<arguments>
<arg>${resp.json()}</arg>
<arg>Maksim Tarasov</arg>
</arguments>
<status status="PASS" starttime="20200518 10:04:06.839" endtime="20200518 10:04:06.840"></status>
</kw>
<status status="PASS" starttime="20200518 10:04:05.897" endtime="20200518 10:04:06.840" critical="yes"></status>
</test>
<doc>Пример smoke-автотеста.</doc>
<status status="PASS" starttime="20200518 10:04:05.749" endtime="20200518 10:04:06.842"></status>
</suite>
<statistics>
<total>
<stat pass="1" fail="0">Critical Tests</stat>
<stat pass="1" fail="0">All Tests</stat>
</total>
<tag>
</tag>
<suite>
<stat pass="1" fail="0" id="s1" name="wikiTest">wikiTest</stat>
</suite>
</statistics>
<errors>
</errors>
</robot>
