<?xml version="1.0" encoding="UTF-8"?>
<robot generator="Robot 3.2.1 (Python 3.6.9 on linux)" generated="20200518 13:41:39.766" rpa="false">
<suite id="s1" name="SendJsonFile" source="/home/maksim/Desktop/Projects/robot-testing/SendJsonFile.robot">
<test id="s1-t1" name="Example of how to load JSON">
<kw name="Get File" library="OperatingSystem">
<doc>Returns the contents of a specified file.</doc>
<arguments>
<arg>Score3.json</arg>
</arguments>
<assign>
<var>${json}</var>
</assign>
<msg timestamp="20200518 13:41:39.918" level="INFO" html="yes">Getting file '&lt;a href="file:///home/maksim/Desktop/Projects/robot-testing/Score3.json"&gt;/home/maksim/Desktop/Projects/robot-testing/Score3.json&lt;/a&gt;'.</msg>
<msg timestamp="20200518 13:41:39.918" level="INFO">${json} = {
  "account": "horns&amp;hoofs",
  "login": "h&amp;f",
  "method": "online_score",
  "token": "55cc9ce545bcd144300fe9efc28e65d415b923ebb6be1e19d2750a2c03e80dd209a27954dca045e5bb12418e7d89b6d718a9e35af34e14e1...</msg>
<status status="PASS" starttime="20200518 13:41:39.917" endtime="20200518 13:41:39.918"></status>
</kw>
<kw name="Log To Console" library="BuiltIn">
<doc>Logs the given message to the console.</doc>
<arguments>
<arg>${json}</arg>
</arguments>
<status status="PASS" starttime="20200518 13:41:39.918" endtime="20200518 13:41:39.920"></status>
</kw>
<kw name="Evaluate" library="BuiltIn">
<doc>Evaluates the given expression in Python and returns the result.</doc>
<arguments>
<arg>json.loads('''${json}''')</arg>
<arg>json</arg>
</arguments>
<assign>
<var>${object}</var>
</assign>
<msg timestamp="20200518 13:41:39.921" level="INFO">${object} = {'account': 'horns&amp;hoofs', 'login': 'h&amp;f', 'method': 'online_score', 'token': '55cc9ce545bcd144300fe9efc28e65d415b923ebb6be1e19d2750a2c03e80dd209a27954dca045e5bb12418e7d89b6d718a9e35af34e14e1d5bcd5a08...</msg>
<status status="PASS" starttime="20200518 13:41:39.920" endtime="20200518 13:41:39.921"></status>
</kw>
<kw name="Log To Console" library="BuiltIn">
<doc>Logs the given message to the console.</doc>
<arguments>
<arg>${object}</arg>
</arguments>
<status status="PASS" starttime="20200518 13:41:39.921" endtime="20200518 13:41:39.922"></status>
</kw>
<kw name="Log" library="BuiltIn">
<doc>Logs the given message with the given level.</doc>
<arguments>
<arg>Hello, my name is ${object["account"]} ${object["login"]} | WARN</arg>
</arguments>
<msg timestamp="20200518 13:41:39.923" level="INFO">Hello, my name is horns&amp;hoofs h&amp;f | WARN</msg>
<status status="PASS" starttime="20200518 13:41:39.922" endtime="20200518 13:41:39.923"></status>
</kw>
<kw name="Log To Console" library="BuiltIn">
<doc>Logs the given message to the console.</doc>
<arguments>
<arg>Hello, my account is ${object["account"]} and login ${object["login"]}</arg>
</arguments>
<status status="PASS" starttime="20200518 13:41:39.924" endtime="20200518 13:41:39.924"></status>
</kw>
<kw name="Create Session" library="RequestsLibrary">
<doc>Create Session: create a HTTP session to a server</doc>
<arguments>
<arg>ScoringAPI</arg>
<arg>${base_url}</arg>
</arguments>
<msg timestamp="20200518 13:41:39.928" level="INFO">Creating Session using : alias=ScoringAPI, url=http://localhost:8080, headers={},                     cookies={}, auth=None, timeout=None, proxies=None, verify=False,                     debug=0 </msg>
<status status="PASS" starttime="20200518 13:41:39.925" endtime="20200518 13:41:39.928"></status>
</kw>
<kw name="Create Dictionary" library="BuiltIn">
<doc>Creates and returns a dictionary based on the given ``items``.</doc>
<arguments>
<arg>Content-Type=application/json</arg>
</arguments>
<assign>
<var>&amp;{headers}</var>
</assign>
<msg timestamp="20200518 13:41:39.930" level="INFO">&amp;{headers} = { Content-Type=application/json }</msg>
<status status="PASS" starttime="20200518 13:41:39.929" endtime="20200518 13:41:39.930"></status>
</kw>
<kw name="Post Request" library="RequestsLibrary">
<doc>Send a POST request on the session object found using the
given `alias`</doc>
<arguments>
<arg>ScoringAPI</arg>
<arg>/method</arg>
<arg>data=${json}</arg>
<arg>headers=${headers}</arg>
</arguments>
<assign>
<var>${resp}</var>
</assign>
<msg timestamp="20200518 13:41:39.942" level="INFO">POST Request : url=http://localhost:8080/method 
 path_url=/method 
 headers={'User-Agent': 'python-requests/2.21.0', 'Accept-Encoding': 'gzip, deflate', 'Accept': '*/*', 'Connection': 'keep-alive', 'Content-Type': 'application/json', 'Content-Length': '338'} 
 body=b'{\n  "account": "horns&amp;hoofs",\n  "login": "h&amp;f",\n  "method": "online_score",\n  "token": "55cc9ce545bcd144300fe9efc28e65d415b923ebb6be1e19d2750a2c03e80dd209a27954dca045e5bb12418e7d89b6d718a9e35af34e14e1d5bcd5a08f21fc95",\n  "arguments": {"phone": "79177002040", "email": "ipetrov@gmail.com", "first_name": "Ivan", "birthday": "01.01.1990"}\n}' 
 </msg>
<msg timestamp="20200518 13:41:39.942" level="INFO">POST Response : url=http://localhost:8080/method 
 status=200, reason=OK 
 body={"code": 200, "response": {"score": 3.0}} 
 </msg>
<msg timestamp="20200518 13:41:39.943" level="INFO">${resp} = &lt;Response [200]&gt;</msg>
<status status="PASS" starttime="20200518 13:41:39.931" endtime="20200518 13:41:39.943"></status>
</kw>
<kw name="Log" library="BuiltIn">
<doc>Logs the given message with the given level.</doc>
<arguments>
<arg>${resp}</arg>
</arguments>
<msg timestamp="20200518 13:41:39.944" level="INFO">&lt;Response [200]&gt;</msg>
<status status="PASS" starttime="20200518 13:41:39.943" endtime="20200518 13:41:39.944"></status>
</kw>
<kw name="Log To Console" library="BuiltIn">
<doc>Logs the given message to the console.</doc>
<arguments>
<arg>${resp.content}</arg>
</arguments>
<status status="PASS" starttime="20200518 13:41:39.947" endtime="20200518 13:41:39.952"></status>
</kw>
<kw name="Log To Console" library="BuiltIn">
<doc>Logs the given message to the console.</doc>
<arguments>
<arg>${resp.json()}</arg>
</arguments>
<status status="PASS" starttime="20200518 13:41:39.953" endtime="20200518 13:41:39.953"></status>
</kw>
<kw name="Request Should Be Successful" library="RequestsLibrary">
<doc>Fails if response status code is a client or server error (4xx, 5xx).</doc>
<arguments>
<arg>${resp}</arg>
</arguments>
<status status="PASS" starttime="20200518 13:41:39.954" endtime="20200518 13:41:39.954"></status>
</kw>
<status status="PASS" starttime="20200518 13:41:39.916" endtime="20200518 13:41:39.954" critical="yes"></status>
</test>
<doc>Test of json.</doc>
<status status="PASS" starttime="20200518 13:41:39.767" endtime="20200518 13:41:39.955"></status>
</suite>
<statistics>
<total>
<stat pass="1" fail="0">Critical Tests</stat>
<stat pass="1" fail="0">All Tests</stat>
</total>
<tag>
</tag>
<suite>
<stat pass="1" fail="0" id="s1" name="SendJsonFile">SendJsonFile</stat>
</suite>
</statistics>
<errors>
</errors>
</robot>
